生成启动时间为 2015/8/4 8:36:02。
     1>项目“D:\Workspace\C++\LibraryMFC\Library(MFC)\Library(MFC).vcxproj”在节点 2 上(Rebuild 个目标)。
     1>ClCompile:
         E:\Program Files (x86)\Microsoft Visual Studio 12.0\VC\bin\x86_amd64\CL.exe /c /I"E:\Program Files\MySQL\MySQL Server 5.5\include" /Zi /nologo /W3 /WX- /sdl /Od /D WIN32 /D _WINDOWS /D _DEBUG /D _UNICODE /D UNICODE /D _AFXDLL /Gm /EHsc /RTC1 /MDd /GS /fp:precise /Zc:wchar_t /Zc:forScope /Yc"stdafx.h" /Fp"x64\Debug\Library(MFC).pch" /Fo"x64\Debug\\" /Fd"x64\Debug\vc120.pdb" /Gd /TP /errorReport:prompt stdafx.cpp
         stdafx.cpp
         E:\Program Files (x86)\Microsoft Visual Studio 12.0\VC\bin\x86_amd64\CL.exe /c /I"E:\Program Files\MySQL\MySQL Server 5.5\include" /Zi /nologo /W3 /WX- /sdl /Od /D WIN32 /D _WINDOWS /D _DEBUG /D _UNICODE /D UNICODE /D _AFXDLL /Gm /EHsc /RTC1 /MDd /GS /fp:precise /Zc:wchar_t /Zc:forScope /Yu"stdafx.h" /Fp"x64\Debug\Library(MFC).pch" /Fo"x64\Debug\\" /Fd"x64\Debug\vc120.pdb" /Gd /TP /errorReport:prompt Book.cpp BorrowRecord.cpp DBUtil.cpp "Library(MFC).cpp" LibraryDlg.cpp Manager.cpp Student.cpp TimeUtil.cpp User.cpp
         User.cpp
         TimeUtil.cpp
         Student.cpp
         Manager.cpp
         LibraryDlg.cpp
         Library(MFC).cpp
         DBUtil.cpp
     1>DBUtil.cpp(560): warning C4101: “szBookId”: 未引用的局部变量
         BorrowRecord.cpp
         Book.cpp
     1>Book.cpp(16): warning C4244: “参数”: 从“time_t”转换到“char”，可能丢失数据
         正在生成代码...
       ResourceCompile:
         C:\Program Files (x86)\Windows Kits\8.1\bin\x86\rc.exe /D _DEBUG /D _UNICODE /D UNICODE /D _AFXDLL /l"0x0804" /Ix64\Debug\ /nologo /fo"x64\Debug\Library(MFC).res" "Library(MFC).rc" 
       Link:
         E:\Program Files (x86)\Microsoft Visual Studio 12.0\VC\bin\x86_amd64\link.exe /ERRORREPORT:PROMPT /OUT:"D:\Workspace\C++\LibraryMFC\x64\Debug\Library(MFC).exe" /INCREMENTAL /NOLOGO /LIBPATH:"E:\Program Files\MySQL\MySQL Server 5.5\lib" libmysql.lib /MANIFEST /MANIFESTUAC:"level='asInvoker' uiAccess='false'" /manifest:embed /manifestinput:"E:\Program Files (x86)\Microsoft Visual Studio 12.0\VC\Include\Manifest\dpiaware.manifest" /DEBUG /PDB:"D:\Workspace\C++\LibraryMFC\x64\Debug\Library(MFC).pdb" /SUBSYSTEM:WINDOWS /TLBID:1 /ENTRY:"wWinMainCRTStartup" /DYNAMICBASE /NXCOMPAT /IMPLIB:"D:\Workspace\C++\LibraryMFC\x64\Debug\Library(MFC).lib" /MACHINE:X64 "x64\Debug\Library(MFC).res"
         x64\Debug\Book.obj
         x64\Debug\BorrowRecord.obj
         x64\Debug\DBUtil.obj
         "x64\Debug\Library(MFC).obj"
         x64\Debug\LibraryDlg.obj
         x64\Debug\Manager.obj
         x64\Debug\stdafx.obj
         x64\Debug\Student.obj
         x64\Debug\TimeUtil.obj
         x64\Debug\User.obj
         Library(MFC).vcxproj -> D:\Workspace\C++\LibraryMFC\x64\Debug\Library(MFC).exe
     1>已完成生成项目“D:\Workspace\C++\LibraryMFC\Library(MFC)\Library(MFC).vcxproj”(Rebuild 个目标)的操作。

生成成功。

已用时间 00:00:06.18
