d:\workspace\c++\library(mfc)\library(mfc)\debug\vc120.pdb
d:\workspace\c++\librarymfc\library(mfc)\debug\library(mfc).pch
d:\workspace\c++\librarymfc\library(mfc)\debug\vc120.pdb
d:\workspace\c++\librarymfc\library(mfc)\debug\vc120.idb
d:\workspace\c++\librarymfc\library(mfc)\debug\stdafx.obj
d:\workspace\c++\librarymfc\library(mfc)\debug\library(mfc).obj
d:\workspace\c++\librarymfc\library(mfc)\debug\librarydlg.obj
d:\workspace\c++\librarymfc\library(mfc)\debug\timeutil.obj
d:\workspace\c++\librarymfc\library(mfc)\debug\book.obj
d:\workspace\c++\librarymfc\library(mfc)\debug\borrowrecord.obj
d:\workspace\c++\librarymfc\library(mfc)\debug\manager.obj
d:\workspace\c++\librarymfc\library(mfc)\debug\student.obj
d:\workspace\c++\librarymfc\library(mfc)\debug\user.obj
d:\workspace\c++\librarymfc\library(mfc)\debug\dbutil.obj
d:\workspace\c++\library(mfc)\debug\library(mfc).ilk
d:\workspace\c++\library(mfc)\debug\library(mfc).exe
d:\workspace\c++\library(mfc)\debug\library(mfc).pdb
d:\workspace\c++\librarymfc\debug\library(mfc).ilk
d:\workspace\c++\librarymfc\debug\library(mfc).exe
d:\workspace\c++\librarymfc\debug\library(mfc).pdb
d:\workspace\c++\librarymfc\library(mfc)\debug\library(mfc).res
d:\workspace\c++\librarymfc\library(mfc)\debug\library(mfc).tlog\cl.command.1.tlog
d:\workspace\c++\librarymfc\library(mfc)\debug\library(mfc).tlog\cl.read.1.tlog
d:\workspace\c++\librarymfc\library(mfc)\debug\library(mfc).tlog\cl.write.1.tlog
d:\workspace\c++\librarymfc\library(mfc)\debug\library(mfc).tlog\link.7396-cvtres.read.1.tlog
d:\workspace\c++\librarymfc\library(mfc)\debug\library(mfc).tlog\link.7396-cvtres.write.1.tlog
d:\workspace\c++\librarymfc\library(mfc)\debug\library(mfc).tlog\link.7396-mt.read.1.tlog
d:\workspace\c++\librarymfc\library(mfc)\debug\library(mfc).tlog\link.7396-mt.write.1.tlog
d:\workspace\c++\librarymfc\library(mfc)\debug\library(mfc).tlog\link.7396-rc.read.1.tlog
d:\workspace\c++\librarymfc\library(mfc)\debug\library(mfc).tlog\link.7396-rc.write.1.tlog
d:\workspace\c++\librarymfc\library(mfc)\debug\library(mfc).tlog\link.7396.read.1.tlog
d:\workspace\c++\librarymfc\library(mfc)\debug\library(mfc).tlog\link.7396.write.1.tlog
d:\workspace\c++\librarymfc\library(mfc)\debug\library(mfc).tlog\link.command.1.tlog
d:\workspace\c++\librarymfc\library(mfc)\debug\library(mfc).tlog\link.read.1.tlog
d:\workspace\c++\librarymfc\library(mfc)\debug\library(mfc).tlog\link.write.1.tlog
d:\workspace\c++\librarymfc\library(mfc)\debug\library(mfc).tlog\rc.command.1.tlog
d:\workspace\c++\librarymfc\library(mfc)\debug\library(mfc).tlog\rc.read.1.tlog
d:\workspace\c++\librarymfc\library(mfc)\debug\library(mfc).tlog\rc.write.1.tlog
