生成启动时间为 2015/4/24 19:44:20。
     1>项目“D:\Workspace\C++\Library(MFC)\Library(MFC)\Library(MFC).vcxproj”在节点 2 上(Build 个目标)。
     1>ClCompile:
         D:\DevSoft\Microsoft Visual Studio 12.0\VC\bin\CL.exe /c /ZI /nologo /W3 /WX- /sdl /Od /Oy- /D WIN32 /D _WINDOWS /D _DEBUG /D _UNICODE /D UNICODE /D _AFXDLL /Gm /EHsc /RTC1 /MDd /GS /fp:precise /Zc:wchar_t /Zc:forScope /Yc"stdafx.h" /Fp"Debug\Library(MFC).pch" /Fo"Debug\\" /Fd"Debug\vc120.pdb" /Gd /TP /analyze- /errorReport:prompt stdafx.cpp
         stdafx.cpp
         D:\DevSoft\Microsoft Visual Studio 12.0\VC\bin\CL.exe /c /ZI /nologo /W3 /WX- /sdl /Od /Oy- /D WIN32 /D _WINDOWS /D _DEBUG /D _UNICODE /D UNICODE /D _AFXDLL /Gm /EHsc /RTC1 /MDd /GS /fp:precise /Zc:wchar_t /Zc:forScope /Yu"stdafx.h" /Fp"Debug\Library(MFC).pch" /Fo"Debug\\" /Fd"Debug\vc120.pdb" /Gd /TP /analyze- /errorReport:prompt "Library(MFC).cpp" LibraryDlg.cpp
         LibraryDlg.cpp
         Library(MFC).cpp
         正在生成代码...
       ResourceCompile:
         C:\Program Files (x86)\Windows Kits\8.1\bin\x86\rc.exe /D _DEBUG /D _UNICODE /D UNICODE /D _AFXDLL /l"0x0804" /IDebug\ /nologo /fo"Debug\Library(MFC).res" "Library(MFC).rc" 
       Link:
         D:\DevSoft\Microsoft Visual Studio 12.0\VC\bin\link.exe /ERRORREPORT:PROMPT /OUT:"D:\Workspace\C++\Library(MFC)\Debug\Library(MFC).exe" /INCREMENTAL /NOLOGO /MANIFEST /MANIFESTUAC:"level='asInvoker' uiAccess='false'" /manifest:embed /manifestinput:"D:\DevSoft\Microsoft Visual Studio 12.0\VC\Include\Manifest\dpiaware.manifest" /DEBUG /PDB:"D:\Workspace\C++\Library(MFC)\Debug\Library(MFC).pdb" /SUBSYSTEM:WINDOWS /TLBID:1 /ENTRY:"wWinMainCRTStartup" /DYNAMICBASE /NXCOMPAT /IMPLIB:"D:\Workspace\C++\Library(MFC)\Debug\Library(MFC).lib" /MACHINE:X86 "Debug\Library(MFC).res"
         "Debug\Library(MFC).obj"
         Debug\LibraryDlg.obj
         Debug\stdafx.obj
         Library(MFC).vcxproj -> D:\Workspace\C++\Library(MFC)\Debug\Library(MFC).exe
     1>已完成生成项目“D:\Workspace\C++\Library(MFC)\Library(MFC)\Library(MFC).vcxproj”(Build 个目标)的操作。

生成成功。

已用时间 00:00:03.24
